[debug] [2020-12-29T12:08:16.103Z] ----------------------------------------------------------------------
[debug] [2020-12-29T12:08:16.105Z] Command:       C:\Program Files\nodejs\node.exe C:\Users\Agmar\AppData\Roaming\npm\node_modules\firebase-tools\lib\bin\firebase.js init
[debug] [2020-12-29T12:08:16.105Z] CLI Version:   9.1.0
[debug] [2020-12-29T12:08:16.105Z] Platform:      win32
[debug] [2020-12-29T12:08:16.105Z] Node Version:  v12.13.0
[debug] [2020-12-29T12:08:16.106Z] Time:          Tue Dec 29 2020 10:08:16 GMT-0200 (GMT-02:00)
[debug] [2020-12-29T12:08:16.107Z] ----------------------------------------------------------------------
[debug] [2020-12-29T12:08:16.107Z] 
[debug] [2020-12-29T12:08:16.109Z] >>> [apiv2][query] GET https://firebase-public.firebaseio.com/cli.json [none]
[debug] [2020-12-29T12:08:16.127Z] > command requires scopes: ["email","openid","https://www.googleapis.com/auth/cloudplatformprojects.readonly","https://www.googleapis.com/auth/firebase","https://www.googleapis.com/auth/cloud-platform"]
[debug] [2020-12-29T12:08:16.128Z] > authorizing via signed-in user
[info] 
     ######## #### ########  ######## ########     ###     ######  ########
     ##        ##  ##     ## ##       ##     ##  ##   ##  ##       ##
     ######    ##  ########  ######   ########  #########  ######  ######
     ##        ##  ##    ##  ##       ##     ## ##     ##       ## ##
     ##       #### ##     ## ######## ########  ##     ##  ######  ########

You're about to initialize a Firebase project in this directory:

  C:\Users\Agmar\Desktop\gmail\client

[debug] [2020-12-29T12:08:16.750Z] <<< [apiv2][status] GET https://firebase-public.firebaseio.com/cli.json 200
[debug] [2020-12-29T12:08:16.750Z] <<< [apiv2][body] GET https://firebase-public.firebaseio.com/cli.json {"cloudBuildErrorAfter":1594252800000,"cloudBuildWarnAfter":1590019200000,"defaultNode10After":1594252800000,"minVersion":"3.0.5","node8DeploysDisabledAfter":1613390400000,"node8RuntimeDisabledAfter":1615809600000,"node8WarnAfter":1600128000000}
